This is XeTeX, Version 3.14159265-2.6-0.99996 (MiKTeX 2.9.6210) (preloaded format=xelatex 2017.3.15)  24 MAY 2017 19:19
entering extended mode
**"D:/Cloud/OneDrive/_TUL/_DIPLOMKA/Znění Latex/Diplomova-Prace/veledilo_aktual
níV1.tex"

("D:/Cloud/OneDrive/_TUL/_DIPLOMKA/Znění Latex/Diplomova-Prace/veledilo_aktualn
íV1.tex"
LaTeX2e <2017/01/01> patch level 1
Babel <3.9r> and hyphenation patterns for 1 language(s) loaded.
("D:/Cloud/OneDrive/_TUL/_DIPLOMKA/Znění Latex/Diplomova-Prace\tulthesis.cls"
Document Class: tulthesis 2016/10/10 TUL thesis class version 1.3
(D:\Programy\Office\Miktex\texmfs\install\tex\latex\base\report.cls
Document Class: report 2014/09/29 v1.4h Standard LaTeX document class
(D:\Programy\Office\Miktex\texmfs\install\tex\latex\base\size12.clo
File: size12.clo 2014/09/29 v1.4h Standard LaTeX file (size option)
)
\c@part=\count79
\c@chapter=\count80
\c@section=\count81
\c@subsection=\count82
\c@subsubsection=\count83
\c@paragraph=\count84
\c@subparagraph=\count85
\c@figure=\count86
\c@table=\count87
\abovecaptionskip=\skip41
\belowcaptionskip=\skip42
\bibindent=\dimen102
)
("D:/Cloud/OneDrive/_TUL/_DIPLOMKA/Znění Latex/Diplomova-Prace\tul.sty"
Package: tul 2016/10/10 version 1.3

(D:\Programy\Office\Miktex\texmfs\install\tex\latex\base\ifthen.sty
Package: ifthen 2014/09/29 v1.1c Standard LaTeX ifthen package (DPC)
)
(D:\Programy\Office\Miktex\texmfs\install\tex\latex\graphics\graphicx.sty
Package: graphicx 2014/10/28 v1.0g Enhanced LaTeX Graphics (DPC,SPQR)

(D:\Programy\Office\Miktex\texmfs\install\tex\latex\graphics\keyval.sty
Package: keyval 2014/10/28 v1.15 key=value parser (DPC)
\KV@toks@=\toks14
)
(D:\Programy\Office\Miktex\texmfs\install\tex\latex\graphics\graphics.sty
Package: graphics 2016/10/09 v1.0u Standard LaTeX Graphics (DPC,SPQR)

(D:\Programy\Office\Miktex\texmfs\install\tex\latex\graphics\trig.sty
Package: trig 2016/01/03 v1.10 sin cos tan (DPC)
)
(D:\Programy\Office\Miktex\texmfs\install\tex\latex\graphics-cfg\graphics.cfg
File: graphics.cfg 2016/06/04 v1.11 sample graphics configuration
)
Package graphics Info: Driver file: xetex.def on input line 99.

(D:\Programy\Office\Miktex\texmfs\install\tex\latex\graphics-def\xetex.def
File: xetex.def 2016/07/11 v4.10 LaTeX color/graphics driver for XeTeX (L3/RRM/
JK)
))
\Gin@req@height=\dimen103
\Gin@req@width=\dimen104
)
(D:\Programy\Office\Miktex\texmfs\install\tex\latex\xcolor\xcolor.sty
Package: xcolor 2016/05/11 v2.12 LaTeX color extensions (UK)

(D:\Programy\Office\Miktex\texmfs\install\tex\latex\graphics-cfg\color.cfg
File: color.cfg 2016/01/02 v1.6 sample color configuration
)
Package xcolor Info: Driver file: xetex.def on input line 225.
Package xcolor Info: Model `cmy' substituted by `cmy0' on input line 1348.
Package xcolor Info: Model `RGB' extended on input line 1364.
Package xcolor Info: Model `HTML' substituted by `rgb' on input line 1366.
Package xcolor Info: Model `Hsb' substituted by `hsb' on input line 1367.
Package xcolor Info: Model `tHsb' substituted by `hsb' on input line 1368.
Package xcolor Info: Model `HSB' substituted by `hsb' on input line 1369.
Package xcolor Info: Model `Gray' substituted by `gray' on input line 1370.
Package xcolor Info: Model `wave' substituted by `hsb' on input line 1371.
)
\oddp@geshift=\skip43
\evenp@geshift=\skip44
\oddsp@jline=\skip45
\evensp@jline=\skip46
\b@tt@mtextwidth=\skip47

(D:\Programy\Office\Miktex\texmfs\install\tex\latex\fancyhdr\fancyhdr.sty
Package: fancyhdr 2016/09/06 3.8 Extensive control of page headers and footers
\fancy@headwidth=\skip48
\f@ncyO@elh=\skip49
\f@ncyO@erh=\skip50
\f@ncyO@olh=\skip51
\f@ncyO@orh=\skip52
\f@ncyO@elf=\skip53
\f@ncyO@erf=\skip54
\f@ncyO@olf=\skip55
\f@ncyO@orf=\skip56
)
\@drb@x=\box26
\@drwidth=\skip57
\@drlinewidth=\skip58

(D:\Programy\Office\Miktex\texmfs\install\tex\latex\titlesec\titlesec.sty
Package: titlesec 2016/03/21 v2.10.2 Sectioning titles
\ttl@box=\box27
\beforetitleunit=\skip59
\aftertitleunit=\skip60
\ttl@plus=\dimen105
\ttl@minus=\dimen106
\ttl@toksa=\toks15
\titlewidth=\dimen107
\titlewidthlast=\dimen108
\titlewidthfirst=\dimen109
)
\@uthb@x=\box28
\@uthwidth=\skip61
\@uthheight=\skip62
\@uthdepth=\skip63
\@uthleftwidth=\skip64
\titleb@x=\box29
\title@height=\skip65
\dateb@x=\box30
\date@height=\skip66
\tul@tmp=\skip67
LaTeX Font Info:    External font `cmex10' loaded for size
(Font)              <7> on input line 468.
LaTeX Font Info:    External font `cmex10' loaded for size
(Font)              <5> on input line 468.
)
(D:\Programy\Office\Miktex\texmfs\install\tex\latex\tools\tabularx.sty
Package: tabularx 2016/02/03 v2.11 `tabularx' package (DPC)

(D:\Programy\Office\Miktex\texmfs\install\tex\latex\tools\array.sty
Package: array 2016/10/06 v2.4d Tabular extension package (FMi)
\col@sep=\dimen110
\extrarowheight=\dimen111
\NC@list=\toks16
\extratabsurround=\skip68
\backup@length=\skip69
)
\TX@col@width=\dimen112
\TX@old@table=\dimen113
\TX@old@col=\dimen114
\TX@target=\dimen115
\TX@delta=\dimen116
\TX@cols=\count88
\TX@ftn=\toks17
)
(D:\Programy\Office\Miktex\texmfs\install\tex\latex\hyperref\hyperref.sty
Package: hyperref 2016/06/24 v6.83q Hypertext links for LaTeX

(D:\Programy\Office\Miktex\texmfs\install\tex\generic\oberdiek\hobsub-hyperref.
sty
Package: hobsub-hyperref 2016/05/16 v1.14 Bundle oberdiek, subset hyperref (HO)


(D:\Programy\Office\Miktex\texmfs\install\tex\generic\oberdiek\hobsub-generic.s
ty
Package: hobsub-generic 2016/05/16 v1.14 Bundle oberdiek, subset generic (HO)
Package: hobsub 2016/05/16 v1.14 Construct package bundles (HO)
Package: infwarerr 2016/05/16 v1.4 Providing info/warning/error messages (HO)
Package: ltxcmds 2016/05/16 v1.23 LaTeX kernel commands for general use (HO)
Package: ifluatex 2016/05/16 v1.4 Provides the ifluatex switch (HO)
Package ifluatex Info: LuaTeX not detected.
Package: ifvtex 2016/05/16 v1.6 Detect VTeX and its facilities (HO)
Package ifvtex Info: VTeX not detected.
Package: intcalc 2016/05/16 v1.2 Expandable calculations with integers (HO)
Package: ifpdf 2016/05/14 v3.1 Provides the ifpdf switch
Package: etexcmds 2016/05/16 v1.6 Avoid name clashes with e-TeX commands (HO)
Package etexcmds Info: Could not find \expanded.
(etexcmds)             That can mean that you are not using pdfTeX 1.50 or
(etexcmds)             that some package has redefined \expanded.
(etexcmds)             In the latter case, load this package earlier.
Package: kvsetkeys 2016/05/16 v1.17 Key value parser (HO)
Package: kvdefinekeys 2016/05/16 v1.4 Define keys (HO)
Package: pdftexcmds 2016/05/21 v0.22 Utility functions of pdfTeX for LuaTeX (HO
)
Package pdftexcmds Info: LuaTeX not detected.
Package pdftexcmds Info: pdfTeX >= 1.30 not detected.
Package pdftexcmds Info: \pdf@primitive is available.
Package pdftexcmds Info: \pdf@ifprimitive is available.
Package pdftexcmds Info: \pdfdraftmode not found.
Package: pdfescape 2016/05/16 v1.14 Implements pdfTeX's escape features (HO)
Package: bigintcalc 2016/05/16 v1.4 Expandable calculations on big integers (HO
)
Package: bitset 2016/05/16 v1.2 Handle bit-vector datatype (HO)
Package: uniquecounter 2016/05/16 v1.3 Provide unlimited unique counter (HO)
)
Package hobsub Info: Skipping package `hobsub' (already loaded).
Package: letltxmacro 2016/05/16 v1.5 Let assignment for LaTeX macros (HO)
Package: hopatch 2016/05/16 v1.3 Wrapper for package hooks (HO)
Package: xcolor-patch 2016/05/16 xcolor patch
Package: atveryend 2016/05/16 v1.9 Hooks at the very end of document (HO)
Package atveryend Info: \enddocument detected (standard20110627).
Package: atbegshi 2016/06/09 v1.18 At begin shipout hook (HO)
Package: refcount 2016/05/16 v3.5 Data extraction from label references (HO)
Package: hycolor 2016/05/16 v1.8 Color options for hyperref/bookmark (HO)
) (D:\Programy\Office\Miktex\texmfs\install\tex\generic\ifxetex\ifxetex.sty
Package: ifxetex 2010/09/12 v0.6 Provides ifxetex conditional
) (D:\Programy\Office\Miktex\texmfs\install\tex\latex\oberdiek\auxhook.sty
Package: auxhook 2016/05/16 v1.4 Hooks for auxiliary files (HO)
)
(D:\Programy\Office\Miktex\texmfs\install\tex\latex\oberdiek\kvoptions.sty
Package: kvoptions 2016/05/16 v3.12 Key value format for package options (HO)
)
\@linkdim=\dimen117
\Hy@linkcounter=\count89
\Hy@pagecounter=\count90

(D:\Programy\Office\Miktex\texmfs\install\tex\latex\hyperref\pd1enc.def
File: pd1enc.def 2016/06/24 v6.83q Hyperref: PDFDocEncoding definition (HO)
)
\Hy@SavedSpaceFactor=\count91

(D:\Programy\Office\Miktex\texmfs\install\tex\latex\00miktex\hyperref.cfg
File: hyperref.cfg 2002/06/06 v1.2 hyperref configuration of TeXLive
)
Package hyperref Info: Hyper figures OFF on input line 4486.
Package hyperref Info: Link nesting OFF on input line 4491.
Package hyperref Info: Hyper index ON on input line 4494.
Package hyperref Info: Plain pages OFF on input line 4501.
Package hyperref Info: Backreferencing OFF on input line 4506.
Package hyperref Info: Implicit mode ON; LaTeX internals redefined.
Package hyperref Info: Bookmarks ON on input line 4735.
\c@Hy@tempcnt=\count92

(D:\Programy\Office\Miktex\texmfs\install\tex\latex\url\url.sty
\Urlmuskip=\muskip10
Package: url 2013/09/16  ver 3.4  Verb mode for urls, etc.
)
LaTeX Info: Redefining \url on input line 5088.
\XeTeXLinkMargin=\dimen118
\Fld@menulength=\count93
\Field@Width=\dimen119
\Fld@charsize=\dimen120
Package hyperref Info: Hyper figures OFF on input line 6342.
Package hyperref Info: Link nesting OFF on input line 6347.
Package hyperref Info: Hyper index ON on input line 6350.
Package hyperref Info: backreferencing OFF on input line 6357.
Package hyperref Info: Link coloring OFF on input line 6362.
Package hyperref Info: Link coloring with OCG OFF on input line 6367.
Package hyperref Info: PDF/A mode OFF on input line 6372.
LaTeX Info: Redefining \ref on input line 6412.
LaTeX Info: Redefining \pageref on input line 6416.
\Hy@abspage=\count94
\c@Item=\count95
\c@Hfootnote=\count96
)

Package hyperref Message: Driver (autodetected): hxetex.

(D:\Programy\Office\Miktex\texmfs\install\tex\latex\hyperref\hxetex.def
File: hxetex.def 2016/06/24 v6.83q Hyperref driver for XeTeX

(D:\Programy\Office\Miktex\texmfs\install\tex\latex\hyperref\puenc.def
File: puenc.def 2016/06/24 v6.83q Hyperref: PDF Unicode definition (HO)
)
(D:\Programy\Office\Miktex\texmfs\install\tex\generic\oberdiek\stringenc.sty
Package: stringenc 2016/05/16 v1.11 Convert strings between diff. encodings (HO
)
)
\pdfm@box=\box31
\c@Hy@AnnotLevel=\count97
\HyField@AnnotCount=\count98
\Fld@listcount=\count99
\c@bookmark@seq@number=\count100

(D:\Programy\Office\Miktex\texmfs\install\tex\latex\oberdiek\rerunfilecheck.sty
Package: rerunfilecheck 2016/05/16 v1.8 Rerun checks for auxiliary files (HO)
Package rerunfilecheck Info: Feature \pdfmdfivesum is not available
(rerunfilecheck)             (e.g. pdfTeX or LuaTeX with package `pdftexcmds').

(rerunfilecheck)             Therefore file contents cannot be checked efficien
tly
(rerunfilecheck)             and the loading of the package is aborted.
)
\Hy@SectionHShift=\skip70
)
Package hyperref Info: Option `colorlinks' set `true' on input line 55.
\c@TUL@bor=\count101
\c@TULc@unter=\count102
\title@line=\skip71
)

! LaTeX Error: Option clash for package xcolor.

See the LaTeX manual or LaTeX Companion for explanation.
Type  H <return>  for immediate help.
 ...                                              
                                                  
l.7 \usepackage
               {blindtext}
? h
The package xcolor has already been loaded with options:
  [cmyk]
There has now been an attempt to load it with options
  [table]
Adding the global options:
  cmyk,table
to your \documentclass declaration may fix this.
Try typing  <return>  to proceed.
? 
(D:\Programy\Office\Miktex\texmfs\install\tex\latex\blindtext\blindtext.sty
Package: blindtext 2012/01/06 V2.0 blindtext-Package

(D:\Programy\Office\Miktex\texmfs\install\tex\latex\tools\xspace.sty
Package: xspace 2014/10/28 v1.13 Space after command names (DPC,MH)
)
\c@blindtext=\count103
\c@Blindtext=\count104
\c@blind@countparstart=\count105
\blind@countxx=\count106
\blindtext@numBlindtext=\count107
\blind@countyy=\count108
\c@blindlist=\count109
\c@blindlistlevel=\count110
\c@blindlist@level=\count111
\blind@listitem=\count112
\c@blind@listcount=\count113
\c@blind@levelcount=\count114
\blind@mathformula=\count115
\blind@Mathformula=\count116
\c@blind@randomcount=\count117
\c@blind@randommax=\count118
\c@blind@pangramcount=\count119
\c@blind@pangrammax=\count120
)
(D:\Programy\Office\Miktex\texmfs\install\tex\latex\booktabs\booktabs.sty
Package: booktabs 2005/04/14 v1.61803 publication quality tables
\heavyrulewidth=\dimen121
\lightrulewidth=\dimen122
\cmidrulewidth=\dimen123
\belowrulesep=\dimen124
\belowbottomsep=\dimen125
\aboverulesep=\dimen126
\abovetopsep=\dimen127
\cmidrulesep=\dimen128
\cmidrulekern=\dimen129
\defaultaddspace=\dimen130
\@cmidla=\count121
\@cmidlb=\count122
\@aboverulesep=\dimen131
\@belowrulesep=\dimen132
\@thisruleclass=\count123
\@lastruleclass=\count124
\@thisrulewidth=\dimen133
)
(D:\Programy\Office\Miktex\texmfs\install\tex\latex\easy-todo\easy-todo.sty
Package: easy-todo 2014/01/01

(D:\Programy\Office\Miktex\texmfs\install\tex\latex\tocloft\tocloft.sty
Package: tocloft 2013/05/02 v2.3f parameterised ToC, etc., typesetting
Package tocloft Info: The document has chapter divisions on input line 44.
\cftparskip=\skip72
\cftbeforetoctitleskip=\skip73
\cftaftertoctitleskip=\skip74
\cftbeforepartskip=\skip75
\cftpartnumwidth=\skip76
\cftpartindent=\skip77
\cftbeforechapskip=\skip78
\cftchapindent=\skip79
\cftchapnumwidth=\skip80
\cftbeforesecskip=\skip81
\cftsecindent=\skip82
\cftsecnumwidth=\skip83
\cftbeforesubsecskip=\skip84
\cftsubsecindent=\skip85
\cftsubsecnumwidth=\skip86
\cftbeforesubsubsecskip=\skip87
\cftsubsubsecindent=\skip88
\cftsubsubsecnumwidth=\skip89
\cftbeforeparaskip=\skip90
\cftparaindent=\skip91
\cftparanumwidth=\skip92
\cftbeforesubparaskip=\skip93
\cftsubparaindent=\skip94
\cftsubparanumwidth=\skip95
\cftbeforeloftitleskip=\skip96
\cftafterloftitleskip=\skip97
\cftbeforefigskip=\skip98
\cftfigindent=\skip99
\cftfignumwidth=\skip100
\c@lofdepth=\count125
\c@lotdepth=\count126
\cftbeforelottitleskip=\skip101
\cftafterlottitleskip=\skip102
\cftbeforetabskip=\skip103
\cfttabindent=\skip104
\cfttabnumwidth=\skip105
)
(D:\Programy\Office\Miktex\texmfs\install\tex\latex\oberdiek\ifdraft.sty
Package: ifdraft 2016/05/16 v1.4 Detect class options draft and final (HO)
)
\c@todos=\count127
\cftbeforetodosskip=\skip106
\cfttodosindent=\skip107
\cfttodosnumwidth=\skip108
\c@loddepth=\count128
\cftbeforelodtitleskip=\skip109
\cftafterlodtitleskip=\skip110
)
(D:\Programy\Office\Miktex\texmfs\install\tex\latex\polyglossia\polyglossia.sty
Package: polyglossia 2015/03/25 v1.42.4 Alternative to Babel for XeLaTeX and Lu
aLaTeX
(D:\Programy\Office\Miktex\texmfs\install\tex\latex\etoolbox\etoolbox.sty
Package: etoolbox 2017/01/02 v2.4 e-TeX tools for LaTeX (JAW)
\etb@tempcnta=\count129
)
(D:\Programy\Office\Miktex\texmfs\install\tex\latex\makecmds\makecmds.sty
Package: makecmds 2009/09/03 v1.0a extra command making commands
)
(D:\Programy\Office\Miktex\texmfs\install\tex\latex\xkeyval\xkeyval.sty
Package: xkeyval 2014/12/03 v2.7a package option processing (HA)

(D:\Programy\Office\Miktex\texmfs\install\tex\generic\xkeyval\xkeyval.tex
(D:\Programy\Office\Miktex\texmfs\install\tex\generic\xkeyval\xkvutils.tex
\XKV@toks=\toks18
\XKV@tempa@toks=\toks19
)
\XKV@depth=\count130
File: xkeyval.tex 2014/12/03 v2.7a key=value parser (HA)
))
(D:\Programy\Office\Miktex\texmfs\install\tex\latex\fontspec\fontspec.sty
(D:\Programy\Office\Miktex\texmfs\install\tex\latex\l3kernel\expl3.sty
Package: expl3 2017/03/11 v6988 L3 programming layer (loader) 

(D:\Programy\Office\Miktex\texmfs\install\tex\latex\l3kernel\expl3-code.tex
Package: expl3 2017/03/11 v6988 L3 programming layer (code)
L3 Module: l3bootstrap 2016/12/28 v6805 L3 Bootstrap code
L3 Module: l3names 2017/02/19 v6962 L3 Namespace for primitives
L3 Module: l3basics 2017/02/14 v6929 L3 Basic definitions
L3 Module: l3expan 2017/02/20 v6967 L3 Argument expansion
L3 Module: l3tl 2017/02/20 v6967 L3 Token lists
L3 Module: l3str 2017/02/20 v6967 L3 Strings
L3 Module: l3seq 2017/02/20 v6967 L3 Sequences and stacks
L3 Module: l3int 2017/02/18 v6949 L3 Integers
\c_max_int=\count131
\l_tmpa_int=\count132
\l_tmpb_int=\count133
\g_tmpa_int=\count134
\g_tmpb_int=\count135
L3 Module: l3flag 2017/02/20 v6969 L3 Flags
L3 Module: l3quark 2017/02/17 v6947 L3 Quarks
L3 Module: l3prg 2017/02/12 v6906 L3 Control structures
\g__prg_map_int=\count136
L3 Module: l3clist 2017/02/20 v6967 L3 Comma separated lists
L3 Module: l3token 2017/02/20 v6967 L3 Experimental token manipulation
L3 Module: l3prop 2017/02/12 v6906 L3 Property lists
L3 Module: l3msg 2017/02/20 v6966 L3 Messages
L3 Module: l3file 2017/02/20 v6964 L3 File and I/O operations
\c_log_iow=\count137
\l_iow_line_count_int=\count138
\l__iow_line_target_int=\count139
\l__iow_one_indent_int=\count140
\l__iow_indent_int=\count141
L3 Module: l3skip 2017/02/20 v6968 L3 Dimensions and skips
\c_zero_dim=\dimen134
\c_max_dim=\dimen135
\l_tmpa_dim=\dimen136
\l_tmpb_dim=\dimen137
\g_tmpa_dim=\dimen138
\g_tmpb_dim=\dimen139
\c_zero_skip=\skip111
\c_max_skip=\skip112
\l_tmpa_skip=\skip113
\l_tmpb_skip=\skip114
\g_tmpa_skip=\skip115
\g_tmpb_skip=\skip116
\c_zero_muskip=\muskip11
\c_max_muskip=\muskip12
\l_tmpa_muskip=\muskip13
\l_tmpb_muskip=\muskip14
\g_tmpa_muskip=\muskip15
\g_tmpb_muskip=\muskip16
L3 Module: l3keys 2017/02/12 v6906 L3 Key-value interfaces
\l_keys_choice_int=\count142
L3 Module: l3fp 2017/03/11 v6987 L3 Floating points
\c__fp_leading_shift_int=\count143
\c__fp_middle_shift_int=\count144
\c__fp_trailing_shift_int=\count145
\c__fp_big_leading_shift_int=\count146
\c__fp_big_middle_shift_int=\count147
\c__fp_big_trailing_shift_int=\count148
\c__fp_Bigg_leading_shift_int=\count149
\c__fp_Bigg_middle_shift_int=\count150
\c__fp_Bigg_trailing_shift_int=\count151
L3 Module: l3sort 2017/02/20 v6967 L3 Sorting functions
\l__sort_length_int=\count152
\l__sort_min_int=\count153
\l__sort_top_int=\count154
\l__sort_max_int=\count155
\l__sort_true_max_int=\count156
\l__sort_block_int=\count157
\l__sort_begin_int=\count158
\l__sort_end_int=\count159
\l__sort_A_int=\count160
\l__sort_B_int=\count161
\l__sort_C_int=\count162
L3 Module: l3box 2017/02/17 v6943 L3 Experimental boxes
\c_empty_box=\box32
\l_tmpa_box=\box33
\l_tmpb_box=\box34
\g_tmpa_box=\box35
\g_tmpb_box=\box36
L3 Module: l3coffins 2017/02/12 v6906 L3 Coffin code layer
\l__coffin_internal_box=\box37
\l__coffin_internal_dim=\dimen140
\l__coffin_offset_x_dim=\dimen141
\l__coffin_offset_y_dim=\dimen142
\l__coffin_x_dim=\dimen143
\l__coffin_y_dim=\dimen144
\l__coffin_x_prime_dim=\dimen145
\l__coffin_y_prime_dim=\dimen146
\c_empty_coffin=\box38
\l__coffin_aligned_coffin=\box39
\l__coffin_aligned_internal_coffin=\box40
\l_tmpa_coffin=\box41
\l_tmpb_coffin=\box42
\l__coffin_display_coffin=\box43
\l__coffin_display_coord_coffin=\box44
\l__coffin_display_pole_coffin=\box45
\l__coffin_display_offset_dim=\dimen147
\l__coffin_display_x_dim=\dimen148
\l__coffin_display_y_dim=\dimen149
L3 Module: l3color 2016/12/28 v6805 L3 Experimental color support
L3 Module: l3sys 2017/02/22 v6976 L3 Experimental system/runtime functions
L3 Module: l3deprecation 2017/02/20 v6966 L3 Deprecation errors
L3 Module: l3candidates 2017/02/20 v6967 L3 Experimental additions to l3kernel
\l__box_top_dim=\dimen150
\l__box_bottom_dim=\dimen151
\l__box_left_dim=\dimen152
\l__box_right_dim=\dimen153
\l__box_top_new_dim=\dimen154
\l__box_bottom_new_dim=\dimen155
\l__box_left_new_dim=\dimen156
\l__box_right_new_dim=\dimen157
\l__box_internal_box=\box46
\l__coffin_bounding_shift_dim=\dimen158
\l__coffin_left_corner_dim=\dimen159
\l__coffin_right_corner_dim=\dimen160
\l__coffin_bottom_corner_dim=\dimen161
\l__coffin_top_corner_dim=\dimen162
\l__coffin_scaled_total_height_dim=\dimen163
\l__coffin_scaled_width_dim=\dimen164
L3 Module: l3luatex 2017/02/18 v6953 L3 Experimental LuaTeX-specific functions
)
(D:\Programy\Office\Miktex\texmfs\install\tex\latex\l3kernel\l3xdvipdfmx.def
File: l3xdvidpfmx.def 2017/02/18 v6953 L3 Experimental driver: xdvipdfmx
\l__driver_tmp_box=\box47
))
(D:\Programy\Office\Miktex\texmfs\install\tex\latex\l3packages\xparse\xparse.st
y
Package: xparse 2017/03/11 v6988 L3 Experimental document command parser
\l__xparse_current_arg_int=\count163
\g__xparse_grabber_int=\count164
\l__xparse_m_args_int=\count165
\l__xparse_mandatory_args_int=\count166
\l__xparse_v_nesting_int=\count167
)
Package: fontspec 2017/01/02 v2.5c Font selection for XeLaTeX and LuaLaTeX

(D:\Programy\Office\Miktex\texmfs\install\tex\latex\fontspec\fontspec-xetex.sty
Package: fontspec-xetex 2017/01/02 v2.5c Font selection for XeLaTeX and LuaLaTe
X
\l__fontspec_script_int=\count168
\l__fontspec_language_int=\count169
\l__fontspec_strnum_int=\count170
\l__fontspec_tmp_int=\count171
\l__fontspec_em_int=\count172
\l__fontspec_emdef_int=\count173
\l__fontspec_tmpa_dim=\dimen165
\l__fontspec_tmpb_dim=\dimen166
\l__fontspec_tmpc_dim=\dimen167
\g__file_internal_ior=\read1
(D:\Programy\Office\Miktex\texmfs\install\tex\latex\base\fontenc.sty
Package: fontenc 2017/01/24 v2.0c Standard LaTeX package

(D:\Programy\Office\Miktex\texmfs\install\tex\latex\base\tuenc.def
File: tuenc.def 2017/01/24 v2.0c Standard LaTeX file
LaTeX Font Info:    Redeclaring font encoding TU on input line 67.
))
.................................................
. LaTeX info: "xparse/define-command"
. 
. Defining command \fontspec with sig. 'O{}mO{}' on line 470.
.................................................
.................................................
. LaTeX info: "xparse/define-command"
. 
. Defining command \setmainfont with sig. 'O{}mO{}' on line 486.
.................................................
.................................................
. LaTeX info: "xparse/define-command"
. 
. Defining command \setsansfont with sig. 'O{}mO{}' on line 502.
.................................................
.................................................
. LaTeX info: "xparse/define-command"
. 
. Defining command \setmonofont with sig. 'O{}mO{}' on line 518.
.................................................
.................................................
. LaTeX info: "xparse/define-command"
. 
. Defining command \setmathrm with sig. 'O{}mO{}' on line 523.
.................................................
.................................................
. LaTeX info: "xparse/define-command"
. 
. Defining command \setboldmathrm with sig. 'O{}mO{}' on line 528.
.................................................
.................................................
. LaTeX info: "xparse/define-command"
. 
. Defining command \setmathsf with sig. 'O{}mO{}' on line 533.
.................................................
.................................................
. LaTeX info: "xparse/define-command"
. 
. Defining command \setmathtt with sig. 'O{}mO{}' on line 538.
.................................................
.................................................
. LaTeX info: "xparse/define-command"
. 
. Defining command \newfontfamily with sig. 'mO{}mO{}' on line 558.
.................................................
.................................................
. LaTeX info: "xparse/define-command"
. 
. Defining command \newfontface with sig. 'mO{}mO{}' on line 562.
.................................................
.................................................
. LaTeX info: "xparse/define-command"
. 
. Defining command \defaultfontfeatures with sig. 't+om' on line 569.
.................................................
.................................................
. LaTeX info: "xparse/define-command"
. 
. Defining command \addfontfeatures with sig. 'm' on line 618.
.................................................
.................................................
. LaTeX info: "xparse/define-command"
. 
. Defining command \newfontfeature with sig. 'mm' on line 629.
.................................................
.................................................
. LaTeX info: "xparse/define-command"
. 
. Defining command \newAATfeature with sig. 'mmmm' on line 637.
.................................................
.................................................
. LaTeX info: "xparse/define-command"
. 
. Defining command \newopentypefeature with sig. 'mmm' on line 645.
.................................................
.................................................
. LaTeX info: "xparse/define-command"
. 
. Defining command \aliasfontfeature with sig. 'mm' on line 666.
.................................................
.................................................
. LaTeX info: "xparse/define-command"
. 
. Defining command \aliasfontfeatureoption with sig. 'mmm' on line 683.
.................................................
.................................................
. LaTeX info: "xparse/define-command"
. 
. Defining command \newfontscript with sig. 'mm' on line 687.
.................................................
.................................................
. LaTeX info: "xparse/define-command"
. 
. Defining command \newfontlanguage with sig. 'mm' on line 691.
.................................................
.................................................
. LaTeX info: "xparse/define-command"
. 
. Defining command \DeclareFontsExtensions with sig. 'm' on line 696.
.................................................
.................................................
. LaTeX info: "xparse/define-command"
. 
. Defining command \IfFontFeatureActiveTF with sig. 'mmm' on line 702.
.................................................
.................................................
. LaTeX info: "xparse/define-command"
. 
. Defining command \EncodingCommand with sig. 'mO{}m' on line 3288.
.................................................
.................................................
. LaTeX info: "xparse/define-command"
. 
. Defining command \EncodingAccent with sig. 'mm' on line 3294.
.................................................
.................................................
. LaTeX info: "xparse/define-command"
. 
. Defining command \EncodingSymbol with sig. 'mm' on line 3300.
.................................................
.................................................
. LaTeX info: "xparse/define-command"
. 
. Defining command \EncodingComposite with sig. 'mmm' on line 3306.
.................................................
.................................................
. LaTeX info: "xparse/define-command"
. 
. Defining command \EncodingCompositeCommand with sig. 'mmm' on line 3312.
.................................................
.................................................
. LaTeX info: "xparse/define-command"
. 
. Defining command \DeclareUnicodeEncoding with sig. 'mm' on line 3337.
.................................................
.................................................
. LaTeX info: "xparse/define-command"
. 
. Defining command \UndeclareSymbol with sig. 'm' on line 3343.
.................................................
.................................................
. LaTeX info: "xparse/define-command"
. 
. Defining command \UndeclareComposite with sig. 'mm' on line 3351.
.................................................

(D:\Programy\Office\Miktex\texmfs\install\tex\latex\fontspec\fontspec.cfg)
LaTeX Info: Redefining \itshape on input line 3531.
LaTeX Info: Redefining \slshape on input line 3536.
LaTeX Info: Redefining \scshape on input line 3541.
LaTeX Info: Redefining \upshape on input line 3546.
LaTeX Info: Redefining \em on input line 3566.
LaTeX Info: Redefining \emph on input line 3583.
LaTeX Info: Redefining \- on input line 3590.
.................................................
. LaTeX info: "xparse/redefine-command"
. 
. Redefining command \oldstylenums with sig. 'm' on line 3685.
.................................................
.................................................
. LaTeX info: "xparse/define-command"
. 
. Defining command \liningnums with sig. 'm' on line 3689.
.................................................
))
\xpg@normalclass=\XeTeXcharclass1
)
(D:\Programy\Office\Miktex\texmfs\install\tex\latex\enumitem\enumitem.sty
Package: enumitem 2011/09/28 v3.5.2 Customized lists
\labelindent=\skip117
\enit@outerparindent=\dimen168
\enit@toks=\toks20
\enit@inbox=\box48
\enitdp@description=\count174
)
(D:\Programy\Office\Miktex\texmfs\install\tex\latex\pgf\frontendlayer\tikz.sty
(D:\Programy\Office\Miktex\texmfs\install\tex\latex\pgf\basiclayer\pgf.sty
(D:\Programy\Office\Miktex\texmfs\install\tex\latex\pgf\utilities\pgfrcs.sty
(D:\Programy\Office\Miktex\texmfs\install\tex\generic\pgf\utilities\pgfutil-com
mon.tex
\pgfutil@everybye=\toks21
\pgfutil@tempdima=\dimen169
\pgfutil@tempdimb=\dimen170

(D:\Programy\Office\Miktex\texmfs\install\tex\generic\pgf\utilities\pgfutil-com
mon-lists.tex))
(D:\Programy\Office\Miktex\texmfs\install\tex\generic\pgf\utilities\pgfutil-lat
ex.def
\pgfutil@abb=\box49
 (D:\Programy\Office\Miktex\texmfs\install\tex\latex\ms\everyshi.sty
Package: everyshi 2001/05/15 v3.00 EveryShipout Package (MS)
))
(D:\Programy\Office\Miktex\texmfs\install\tex\generic\pgf\utilities\pgfrcs.code
.tex
Package: pgfrcs 2015/08/07 v3.0.1a (rcs-revision 1.31)
))
Package: pgf 2015/08/07 v3.0.1a (rcs-revision 1.15)

(D:\Programy\Office\Miktex\texmfs\install\tex\latex\pgf\basiclayer\pgfcore.sty
(D:\Programy\Office\Miktex\texmfs\install\tex\latex\pgf\systemlayer\pgfsys.sty
(D:\Programy\Office\Miktex\texmfs\install\tex\generic\pgf\systemlayer\pgfsys.co
de.tex
Package: pgfsys 2014/07/09 v3.0.1a (rcs-revision 1.48)

(D:\Programy\Office\Miktex\texmfs\install\tex\generic\pgf\utilities\pgfkeys.cod
e.tex
\pgfkeys@pathtoks=\toks22
\pgfkeys@temptoks=\toks23

(D:\Programy\Office\Miktex\texmfs\install\tex\generic\pgf\utilities\pgfkeysfilt
ered.code.tex
\pgfkeys@tmptoks=\toks24
))
\pgf@x=\dimen171
\pgf@y=\dimen172
\pgf@xa=\dimen173
\pgf@ya=\dimen174
\pgf@xb=\dimen175
\pgf@yb=\dimen176
\pgf@xc=\dimen177
\pgf@yc=\dimen178
\w@pgf@writea=\write3
\r@pgf@reada=\read2
\c@pgf@counta=\count175
\c@pgf@countb=\count176
\c@pgf@countc=\count177
\c@pgf@countd=\count178
\t@pgf@toka=\toks25
\t@pgf@tokb=\toks26
\t@pgf@tokc=\toks27

(D:\Programy\Office\Miktex\texmfs\install\tex\generic\pgf\systemlayer\pgf.cfg
File: pgf.cfg 2008/05/14  (rcs-revision 1.7)
)
Driver file for pgf: pgfsys-xetex.def

(D:\Programy\Office\Miktex\texmfs\install\tex\generic\pgf\systemlayer\pgfsys-xe
tex.def
File: pgfsys-xetex.def 2014/07/09  (rcs-revision 1.11)

(D:\Programy\Office\Miktex\texmfs\install\tex\generic\pgf\systemlayer\pgfsys-dv
ipdfmx.def
File: pgfsys-dvipdfmx.def 2014/07/09  (rcs-revision 1.14)

(D:\Programy\Office\Miktex\texmfs\install\tex\generic\pgf\systemlayer\pgfsys-co
mmon-pdf.def
File: pgfsys-common-pdf.def 2013/10/10  (rcs-revision 1.13)
)
\pgfsys@objnum=\count179
)))
(D:\Programy\Office\Miktex\texmfs\install\tex\generic\pgf\systemlayer\pgfsyssof
tpath.code.tex
File: pgfsyssoftpath.code.tex 2013/09/09  (rcs-revision 1.9)
\pgfsyssoftpath@smallbuffer@items=\count180
\pgfsyssoftpath@bigbuffer@items=\count181
)
(D:\Programy\Office\Miktex\texmfs\install\tex\generic\pgf\systemlayer\pgfsyspro
tocol.code.tex
File: pgfsysprotocol.code.tex 2006/10/16  (rcs-revision 1.4)
))
(D:\Programy\Office\Miktex\texmfs\install\tex\generic\pgf\basiclayer\pgfcore.co
de.tex
Package: pgfcore 2010/04/11 v3.0.1a (rcs-revision 1.7)

(D:\Programy\Office\Miktex\texmfs\install\tex\generic\pgf\math\pgfmath.code.tex

(D:\Programy\Office\Miktex\texmfs\install\tex\generic\pgf\math\pgfmathcalc.code
.tex
(D:\Programy\Office\Miktex\texmfs\install\tex\generic\pgf\math\pgfmathutil.code
.tex)
(D:\Programy\Office\Miktex\texmfs\install\tex\generic\pgf\math\pgfmathparser.co
de.tex
\pgfmath@dimen=\dimen179
\pgfmath@count=\count182
\pgfmath@box=\box50
\pgfmath@toks=\toks28
\pgfmath@stack@operand=\toks29
\pgfmath@stack@operation=\toks30
)
(D:\Programy\Office\Miktex\texmfs\install\tex\generic\pgf\math\pgfmathfunctions
.code.tex
(D:\Programy\Office\Miktex\texmfs\install\tex\generic\pgf\math\pgfmathfunctions
.basic.code.tex)
(D:\Programy\Office\Miktex\texmfs\install\tex\generic\pgf\math\pgfmathfunctions
.trigonometric.code.tex)
(D:\Programy\Office\Miktex\texmfs\install\tex\generic\pgf\math\pgfmathfunctions
.random.code.tex)
(D:\Programy\Office\Miktex\texmfs\install\tex\generic\pgf\math\pgfmathfunctions
.comparison.code.tex)
(D:\Programy\Office\Miktex\texmfs\install\tex\generic\pgf\math\pgfmathfunctions
.base.code.tex)
(D:\Programy\Office\Miktex\texmfs\install\tex\generic\pgf\math\pgfmathfunctions
.round.code.tex)
(D:\Programy\Office\Miktex\texmfs\install\tex\generic\pgf\math\pgfmathfunctions
.misc.code.tex)
(D:\Programy\Office\Miktex\texmfs\install\tex\generic\pgf\math\pgfmathfunctions
.integerarithmetics.code.tex)))
(D:\Programy\Office\Miktex\texmfs\install\tex\generic\pgf\math\pgfmathfloat.cod
e.tex
\c@pgfmathroundto@lastzeros=\count183
))
(D:\Programy\Office\Miktex\texmfs\install\tex\generic\pgf\basiclayer\pgfcorepoi
nts.code.tex
File: pgfcorepoints.code.tex 2013/10/07  (rcs-revision 1.27)
\pgf@picminx=\dimen180
\pgf@picmaxx=\dimen181
\pgf@picminy=\dimen182
\pgf@picmaxy=\dimen183
\pgf@pathminx=\dimen184
\pgf@pathmaxx=\dimen185
\pgf@pathminy=\dimen186
\pgf@pathmaxy=\dimen187
\pgf@xx=\dimen188
\pgf@xy=\dimen189
\pgf@yx=\dimen190
\pgf@yy=\dimen191
\pgf@zx=\dimen192
\pgf@zy=\dimen193
)
(D:\Programy\Office\Miktex\texmfs\install\tex\generic\pgf\basiclayer\pgfcorepat
hconstruct.code.tex
File: pgfcorepathconstruct.code.tex 2013/10/07  (rcs-revision 1.29)
\pgf@path@lastx=\dimen194
\pgf@path@lasty=\dimen195
)
(D:\Programy\Office\Miktex\texmfs\install\tex\generic\pgf\basiclayer\pgfcorepat
husage.code.tex
File: pgfcorepathusage.code.tex 2014/11/02  (rcs-revision 1.24)
\pgf@shorten@end@additional=\dimen196
\pgf@shorten@start@additional=\dimen197
)
(D:\Programy\Office\Miktex\texmfs\install\tex\generic\pgf\basiclayer\pgfcoresco
pes.code.tex
File: pgfcorescopes.code.tex 2015/05/08  (rcs-revision 1.46)
\pgfpic=\box51
\pgf@hbox=\box52
\pgf@layerbox@main=\box53
\pgf@picture@serial@count=\count184
)
(D:\Programy\Office\Miktex\texmfs\install\tex\generic\pgf\basiclayer\pgfcoregra
phicstate.code.tex
File: pgfcoregraphicstate.code.tex 2014/11/02  (rcs-revision 1.12)
\pgflinewidth=\dimen198
)
(D:\Programy\Office\Miktex\texmfs\install\tex\generic\pgf\basiclayer\pgfcoretra
nsformations.code.tex
File: pgfcoretransformations.code.tex 2015/08/07  (rcs-revision 1.20)
\pgf@pt@x=\dimen199
\pgf@pt@y=\dimen256
\pgf@pt@temp=\dimen257
)
(D:\Programy\Office\Miktex\texmfs\install\tex\generic\pgf\basiclayer\pgfcorequi
ck.code.tex
File: pgfcorequick.code.tex 2008/10/09  (rcs-revision 1.3)
)
(D:\Programy\Office\Miktex\texmfs\install\tex\generic\pgf\basiclayer\pgfcoreobj
ects.code.tex
File: pgfcoreobjects.code.tex 2006/10/11  (rcs-revision 1.2)
)
(D:\Programy\Office\Miktex\texmfs\install\tex\generic\pgf\basiclayer\pgfcorepat
hprocessing.code.tex
File: pgfcorepathprocessing.code.tex 2013/09/09  (rcs-revision 1.9)
)
(D:\Programy\Office\Miktex\texmfs\install\tex\generic\pgf\basiclayer\pgfcorearr
ows.code.tex
File: pgfcorearrows.code.tex 2015/05/14  (rcs-revision 1.43)
\pgfarrowsep=\dimen258
)
(D:\Programy\Office\Miktex\texmfs\install\tex\generic\pgf\basiclayer\pgfcoresha
de.code.tex
File: pgfcoreshade.code.tex 2013/07/15  (rcs-revision 1.15)
\pgf@max=\dimen259
\pgf@sys@shading@range@num=\count185
)
(D:\Programy\Office\Miktex\texmfs\install\tex\generic\pgf\basiclayer\pgfcoreima
ge.code.tex
File: pgfcoreimage.code.tex 2013/07/15  (rcs-revision 1.18)

(D:\Programy\Office\Miktex\texmfs\install\tex\generic\pgf\basiclayer\pgfcoreext
ernal.code.tex
File: pgfcoreexternal.code.tex 2014/07/09  (rcs-revision 1.21)
\pgfexternal@startupbox=\box54
))
(D:\Programy\Office\Miktex\texmfs\install\tex\generic\pgf\basiclayer\pgfcorelay
ers.code.tex
File: pgfcorelayers.code.tex 2013/07/18  (rcs-revision 1.7)
)
(D:\Programy\Office\Miktex\texmfs\install\tex\generic\pgf\basiclayer\pgfcoretra
nsparency.code.tex
File: pgfcoretransparency.code.tex 2013/09/30  (rcs-revision 1.5)
)
(D:\Programy\Office\Miktex\texmfs\install\tex\generic\pgf\basiclayer\pgfcorepat
terns.code.tex
File: pgfcorepatterns.code.tex 2013/11/07  (rcs-revision 1.5)
)))
(D:\Programy\Office\Miktex\texmfs\install\tex\generic\pgf\modules\pgfmoduleshap
es.code.tex
File: pgfmoduleshapes.code.tex 2014/03/21  (rcs-revision 1.35)
\pgfnodeparttextbox=\box55
)
(D:\Programy\Office\Miktex\texmfs\install\tex\generic\pgf\modules\pgfmoduleplot
.code.tex
File: pgfmoduleplot.code.tex 2015/08/03  (rcs-revision 1.13)
)
(D:\Programy\Office\Miktex\texmfs\install\tex\latex\pgf\compatibility\pgfcomp-v
ersion-0-65.sty
Package: pgfcomp-version-0-65 2007/07/03 v3.0.1a (rcs-revision 1.7)
\pgf@nodesepstart=\dimen260
\pgf@nodesepend=\dimen261
)
(D:\Programy\Office\Miktex\texmfs\install\tex\latex\pgf\compatibility\pgfcomp-v
ersion-1-18.sty
Package: pgfcomp-version-1-18 2007/07/23 v3.0.1a (rcs-revision 1.1)
))
(D:\Programy\Office\Miktex\texmfs\install\tex\latex\pgf\utilities\pgffor.sty
(D:\Programy\Office\Miktex\texmfs\install\tex\latex\pgf\utilities\pgfkeys.sty
(D:\Programy\Office\Miktex\texmfs\install\tex\generic\pgf\utilities\pgfkeys.cod
e.tex))
(D:\Programy\Office\Miktex\texmfs\install\tex\latex\pgf\math\pgfmath.sty
(D:\Programy\Office\Miktex\texmfs\install\tex\generic\pgf\math\pgfmath.code.tex
))
(D:\Programy\Office\Miktex\texmfs\install\tex\generic\pgf\utilities\pgffor.code
.tex
Package: pgffor 2013/12/13 v3.0.1a (rcs-revision 1.25)

(D:\Programy\Office\Miktex\texmfs\install\tex\generic\pgf\math\pgfmath.code.tex
)
\pgffor@iter=\dimen262
\pgffor@skip=\dimen263
\pgffor@stack=\toks31
\pgffor@toks=\toks32
))
(D:\Programy\Office\Miktex\texmfs\install\tex\generic\pgf\frontendlayer\tikz\ti
kz.code.tex
Package: tikz 2015/08/07 v3.0.1a (rcs-revision 1.151)

(D:\Programy\Office\Miktex\texmfs\install\tex\generic\pgf\libraries\pgflibraryp
lothandlers.code.tex
File: pgflibraryplothandlers.code.tex 2013/08/31 v3.0.1a (rcs-revision 1.20)
\pgf@plot@mark@count=\count186
\pgfplotmarksize=\dimen264
)
\tikz@lastx=\dimen265
\tikz@lasty=\dimen266
\tikz@lastxsaved=\dimen267
\tikz@lastysaved=\dimen268
\tikzleveldistance=\dimen269
\tikzsiblingdistance=\dimen270
\tikz@figbox=\box56
\tikz@figbox@bg=\box57
\tikz@tempbox=\box58
\tikz@tempbox@bg=\box59
\tikztreelevel=\count187
\tikznumberofchildren=\count188
\tikznumberofcurrentchild=\count189
\tikz@fig@count=\count190

(D:\Programy\Office\Miktex\texmfs\install\tex\generic\pgf\modules\pgfmodulematr
ix.code.tex
File: pgfmodulematrix.code.tex 2013/09/17  (rcs-revision 1.8)
\pgfmatrixcurrentrow=\count191
\pgfmatrixcurrentcolumn=\count192
\pgf@matrix@numberofcolumns=\count193
)
\tikz@expandcount=\count194

(D:\Programy\Office\Miktex\texmfs\install\tex\generic\pgf\frontendlayer\tikz\li
braries\tikzlibrarytopaths.code.tex
File: tikzlibrarytopaths.code.tex 2008/06/17 v3.0.1a (rcs-revision 1.2)
)))
(D:\Programy\Office\Miktex\texmfs\install\tex\latex\svg\svg.sty
Package: svg 2012/09/05 v1.0 SVG inclusion and extraction

(D:\Programy\Office\Miktex\texmfs\install\tex\latex\subfig\subfig.sty
Package: subfig 2005/06/28 ver: 1.3 subfig package

(D:\Programy\Office\Miktex\texmfs\install\tex\latex\caption\caption.sty
Package: caption 2016/02/21 v3.3-144 Customizing captions (AR)

(D:\Programy\Office\Miktex\texmfs\install\tex\latex\caption\caption3.sty
Package: caption3 2016/05/22 v1.7-166 caption3 kernel (AR)
Package caption3 Info: TeX engine: e-TeX on input line 67.
\captionmargin=\dimen271
\captionmargin@=\dimen272
\captionwidth=\dimen273
\caption@tempdima=\dimen274
\caption@indent=\dimen275
\caption@parindent=\dimen276
\caption@hangindent=\dimen277
)
\c@ContinuedFloat=\count195
Package caption Info: hyperref package is loaded.
)
\c@KVtest=\count196
\sf@farskip=\skip118
\sf@captopadj=\dimen278
\sf@capskip=\skip119
\sf@nearskip=\skip120
\c@subfigure=\count197
\c@subfigure@save=\count198
\c@subtable=\count199
\c@subtable@save=\count266
\sf@top=\skip121
\sf@bottom=\skip122
)
(D:\Programy\Office\Miktex\texmfs\install\tex\latex\import\import.sty
Package: import 2009/03/23  v 5.1
)
(D:\Programy\Office\Miktex\texmfs\install\tex\latex\oberdiek\transparent.sty
Package: transparent 2016/05/16 v1.1 Transparency via pdfTeX's color stack (HO)



Package transparent Warning: Loading aborted, because pdfTeX is not running in 
PDF mode.

)
\SVG@out@width=\skip123
\SVG@out@height=\skip124
\c@svgfigure=\count267
) (D:\Programy\Office\Miktex\texmfs\install\tex\latex\fancyvrb\fancyvrb.sty
Package: fancyvrb 2008/02/07

Style option: `fancyvrb' v2.7a, with DG/SPQR fixes, and firstline=lastline fix 
<2008/02/07> (tvz)
\FV@CodeLineNo=\count268
\FV@InFile=\read3
\FV@TabBox=\box60
\c@FancyVerbLine=\count269
\FV@StepNumber=\count270
\FV@OutFile=\write4
)
(D:\Programy\Office\Miktex\texmfs\install\tex\latex\multirow\multirow.sty
Package: multirow 2016/11/25 v2.2 Span multiple rows of a table
\multirow@colwidth=\skip125
\multirow@cntb=\count271
\multirow@dima=\skip126
\bigstrutjot=\dimen279
)
(D:\Programy\Office\Miktex\texmfs\install\tex\latex\polyglossia\gloss-czech.ldf
File: gloss-czech.ldf polyglossia: module for czech

Package polyglossia Warning: No hyphenation patterns were loaded for `Czech'
(polyglossia)                I will use \language=\l@nohyphenation instead on i
nput line 7.

\l@czech = a dialect from \language\l@nohyphenation 

Package polyglossia Warning: \setlocalhyphenmin useless for unhyphenated langua
ge czech on input line 7.

)
Package polyglossia Info: Default language is czech.
 (D:\Programy\Office\Miktex\texmfs\install\tex\latex\natbib\natbib.sty
Package: natbib 2010/09/13 8.31b (PWD, AO)
\bibhang=\skip127
\bibsep=\skip128
LaTeX Info: Redefining \cite on input line 694.
\c@NAT@ctr=\count272
)
(D:\Programy\Office\Miktex\texmfs\install\tex\xelatex\xunicode\xunicode.sty
File: xunicode.sty 2011/09/09 v0.981 provides access to latin accents and many 
other characters in Unicode lower plane

(D:\Programy\Office\Miktex\texmfs\install\tex\latex\tipa\t3enc.def
File: t3enc.def 2001/12/31 T3 encoding
)
\tipaTiiicode=\count273
\tipasavetokens=\toks33
\tipachecktokens=\toks34
)
(D:\Programy\Office\Miktex\texmfs\install\tex\latex\xltxtra\xltxtra.sty
Package: xltxtra 2016/01/21 v0.6 Improvements for the "XeLaTeX" format

(D:\Programy\Office\Miktex\texmfs\install\tex\latex\realscripts\realscripts.sty
Package: realscripts 2016/02/13 v0.3d Access OpenType subscripts and superscrip
ts
.................................................
. LaTeX info: "xparse/define-command"
. 
. Defining command \fakesubscript with sig. 'm' on line 19.
.................................................
.................................................
. LaTeX info: "xparse/define-command"
. 
. Defining command \fakesuperscript with sig. 'm' on line 22.
.................................................
.................................................
. LaTeX info: "xparse/redefine-command"
. 
. Redefining command \textsubscript with sig. 's' on line 25.
.................................................
.................................................
. LaTeX info: "xparse/redefine-command"
. 
. Redefining command \textsuperscript with sig. 's' on line 28.
.................................................
.................................................
. LaTeX info: "xparse/define-command"
. 
. Defining command \realsubscript with sig. 'm' on line 45.
.................................................
.................................................
. LaTeX info: "xparse/define-command"
. 
. Defining command \realsuperscript with sig. 'm' on line 60.
.................................................
.................................................
. LaTeX info: "xparse/define-command"
. 
. Defining command \textsubsuperscript with sig. 'sO{l}mm' on line 138.
.................................................
.................................................
. LaTeX info: "xparse/define-command"
. 
. Defining command \textsupersubscript with sig. 'sO{l}mm' on line 143.
.................................................
\subsupersep=\dimen280
) (D:\Programy\Office\Miktex\texmfs\install\tex\latex\metalogo\metalogo.sty
Package: metalogo 2010/05/29 v0.12 Extended TeX logo macros
\xl@everylogo=\toks35
\xl@@everylogo=\toks36
LaTeX Info: Redefining \TeX on input line 193.
LaTeX Info: Redefining \LaTeX on input line 202.
LaTeX Info: Redefining \LaTeXe on input line 219.
)
\l__xetex_show_hyphens_wrapping_box=\box61
\l__xetex_show_hyphens_temp_box=\box62
\l__xetex_show_hyphens_final_box=\box63
\g__xetex_show_hyphens_word_box=\box64
)
(D:\Programy\Office\Miktex\texmfs\install\tex\generic\pgf\frontendlayer\tikz\li
braries\tikzlibrarycalc.code.tex
File: tikzlibrarycalc.code.tex 2013/07/15 v3.0.1a (rcs-revision 1.9)
)
(D:\Programy\Office\Miktex\texmfs\install\tex\generic\pgf\frontendlayer\tikz\li
braries\tikzlibrarytrees.code.tex
File: tikzlibrarytrees.code.tex 2008/02/24 v3.0.1a (rcs-revision 1.2)
)
(D:\Programy\Office\Miktex\texmfs\install\tex\generic\pgf\frontendlayer\tikz\li
braries\tikzlibrarypositioning.code.tex
File: tikzlibrarypositioning.code.tex 2008/10/06 v3.0.1a (rcs-revision 1.7)
)
(D:\Programy\Office\Miktex\texmfs\install\tex\generic\pgf\frontendlayer\tikz\li
braries\tikzlibraryarrows.code.tex
File: tikzlibraryarrows.code.tex 2008/01/09 v3.0.1a (rcs-revision 1.1)

(D:\Programy\Office\Miktex\texmfs\install\tex\generic\pgf\libraries\pgflibrarya
rrows.code.tex
File: pgflibraryarrows.code.tex 2013/09/23 v3.0.1a (rcs-revision 1.16)
\arrowsize=\dimen281
))
(D:\Programy\Office\Miktex\texmfs\install\tex\generic\pgf\frontendlayer\tikz\li
braries\tikzlibrarychains.code.tex
File: tikzlibrarychains.code.tex 2013/07/15 v3.0.1a (rcs-revision 1.6)
)
(D:\Programy\Office\Miktex\texmfs\install\tex\generic\pgf\frontendlayer\tikz\li
braries\tikzlibraryshapes.geometric.code.tex
File: tikzlibraryshapes.geometric.code.tex 2008/01/09 v3.0.1a (rcs-revision 1.1
)

(D:\Programy\Office\Miktex\texmfs\install\tex\generic\pgf\libraries\shapes\pgfl
ibraryshapes.geometric.code.tex
File: pgflibraryshapes.geometric.code.tex 2008/06/26 v3.0.1a (rcs-revision 1.1)

))
(D:\Programy\Office\Miktex\texmfs\install\tex\generic\pgf\frontendlayer\tikz\li
braries\tikzlibrarydecorations.pathreplacing.code.tex
(D:\Programy\Office\Miktex\texmfs\install\tex\generic\pgf\frontendlayer\tikz\li
braries\tikzlibrarydecorations.code.tex
(D:\Programy\Office\Miktex\texmfs\install\tex\generic\pgf\modules\pgfmoduledeco
rations.code.tex
\pgfdecoratedcompleteddistance=\dimen282
\pgfdecoratedremainingdistance=\dimen283
\pgfdecoratedinputsegmentcompleteddistance=\dimen284
\pgfdecoratedinputsegmentremainingdistance=\dimen285
\pgf@decorate@distancetomove=\dimen286
\pgf@decorate@repeatstate=\count274
\pgfdecorationsegmentamplitude=\dimen287
\pgfdecorationsegmentlength=\dimen288
)
\tikz@lib@dec@box=\box65
)
(D:\Programy\Office\Miktex\texmfs\install\tex\generic\pgf\libraries\decorations
\pgflibrarydecorations.pathreplacing.code.tex))
(D:\Programy\Office\Miktex\texmfs\install\tex\generic\pgf\frontendlayer\tikz\li
braries\tikzlibrarydecorations.pathmorphing.code.tex
(D:\Programy\Office\Miktex\texmfs\install\tex\generic\pgf\libraries\decorations
\pgflibrarydecorations.pathmorphing.code.tex))
(D:\Programy\Office\Miktex\texmfs\install\tex\generic\pgf\frontendlayer\tikz\li
braries\tikzlibraryshapes.code.tex
File: tikzlibraryshapes.code.tex 2008/01/09 v3.0.1a (rcs-revision 1.1)

(D:\Programy\Office\Miktex\texmfs\install\tex\generic\pgf\frontendlayer\tikz\li
braries\tikzlibraryshapes.misc.code.tex
File: tikzlibraryshapes.misc.code.tex 2008/01/09 v3.0.1a (rcs-revision 1.1)

(D:\Programy\Office\Miktex\texmfs\install\tex\generic\pgf\libraries\shapes\pgfl
ibraryshapes.misc.code.tex
File: pgflibraryshapes.misc.code.tex 2013/07/18 v3.0.1a (rcs-revision 1.5)
))
(D:\Programy\Office\Miktex\texmfs\install\tex\generic\pgf\frontendlayer\tikz\li
braries\tikzlibraryshapes.symbols.code.tex
File: tikzlibraryshapes.symbols.code.tex 2008/01/09 v3.0.1a (rcs-revision 1.1)

(D:\Programy\Office\Miktex\texmfs\install\tex\generic\pgf\libraries\shapes\pgfl
ibraryshapes.symbols.code.tex
File: pgflibraryshapes.symbols.code.tex 2013/09/11 v3.0.1a (rcs-revision 1.6)
))
(D:\Programy\Office\Miktex\texmfs\install\tex\generic\pgf\frontendlayer\tikz\li
braries\tikzlibraryshapes.arrows.code.tex
File: tikzlibraryshapes.arrows.code.tex 2008/01/09 v3.0.1a (rcs-revision 1.1)

(D:\Programy\Office\Miktex\texmfs\install\tex\generic\pgf\libraries\shapes\pgfl
ibraryshapes.arrows.code.tex
File: pgflibraryshapes.arrows.code.tex 2008/06/26 v3.0.1a (rcs-revision 1.1)
))
(D:\Programy\Office\Miktex\texmfs\install\tex\generic\pgf\frontendlayer\tikz\li
braries\tikzlibraryshapes.callouts.code.tex
(D:\Programy\Office\Miktex\texmfs\install\tex\generic\pgf\libraries\shapes\pgfl
ibraryshapes.callouts.code.tex))
(D:\Programy\Office\Miktex\texmfs\install\tex\generic\pgf\frontendlayer\tikz\li
braries\tikzlibraryshapes.multipart.code.tex
File: tikzlibraryshapes.multipart.code.tex 2008/01/09 v3.0.1a (rcs-revision 1.1
)

(D:\Programy\Office\Miktex\texmfs\install\tex\generic\pgf\libraries\shapes\pgfl
ibraryshapes.multipart.code.tex
File: pgflibraryshapes.multipart.code.tex 2010/01/07 v3.0.1a (rcs-revision 1.2)

\pgfnodepartlowerbox=\box66
\pgfnodeparttwobox=\box67
\pgfnodepartthreebox=\box68
\pgfnodepartfourbox=\box69
\pgfnodeparttwentybox=\box70
\pgfnodepartnineteenbox=\box71
\pgfnodeparteighteenbox=\box72
\pgfnodepartseventeenbox=\box73
\pgfnodepartsixteenbox=\box74
\pgfnodepartfifteenbox=\box75
\pgfnodepartfourteenbox=\box76
\pgfnodepartthirteenbox=\box77
\pgfnodeparttwelvebox=\box78
\pgfnodepartelevenbox=\box79
\pgfnodeparttenbox=\box80
\pgfnodepartninebox=\box81
\pgfnodeparteightbox=\box82
\pgfnodepartsevenbox=\box83
\pgfnodepartsixbox=\box84
\pgfnodepartfivebox=\box85
)))
(D:\Programy\Office\Miktex\texmfs\install\tex\generic\pgf\frontendlayer\tikz\li
braries\tikzlibrarymatrix.code.tex
File: tikzlibrarymatrix.code.tex 2013/07/12 v3.0.1a (rcs-revision 1.4)
)
(D:\Programy\Office\Miktex\texmfs\install\tex\generic\oberdiek\se-ascii-print.d
ef
File: se-ascii-print.def 2016/05/16 v1.11 stringenc: Printable ASCII characters

)
No file veledilo_aktualníV1.aux.
\openout1 = `veledilo_aktualníV1.aux'.

LaTeX Font Info:    Checking defaults for OML/cmm/m/it on input line 82.
LaTeX Font Info:    ... okay on input line 82.
LaTeX Font Info:    Checking defaults for T1/cmr/m/n on input line 82.
LaTeX Font Info:    ... okay on input line 82.
LaTeX Font Info:    Checking defaults for OT1/cmr/m/n on input line 82.
LaTeX Font Info:    ... okay on input line 82.
LaTeX Font Info:    Checking defaults for OMS/cmsy/m/n on input line 82.
LaTeX Font Info:    ... okay on input line 82.
LaTeX Font Info:    Checking defaults for TU/lmr/m/n on input line 82.
LaTeX Font Info:    ... okay on input line 82.
LaTeX Font Info:    Checking defaults for OMX/cmex/m/n on input line 82.
LaTeX Font Info:    ... okay on input line 82.
LaTeX Font Info:    Checking defaults for U/cmr/m/n on input line 82.
LaTeX Font Info:    ... okay on input line 82.
LaTeX Font Info:    Checking defaults for PD1/pdf/m/n on input line 82.
LaTeX Font Info:    ... okay on input line 82.
LaTeX Font Info:    Checking defaults for PU/pdf/m/n on input line 82.
LaTeX Font Info:    ... okay on input line 82.
LaTeX Font Info:    Checking defaults for T3/cmr/m/n on input line 82.
LaTeX Font Info:    Try loading font information for T3+cmr on input line 82.
(D:\Programy\Office\Miktex\texmfs\install\tex\latex\tipa\t3cmr.fd
File: t3cmr.fd 2001/12/31 TIPA font definitions
)
LaTeX Font Info:    ... okay on input line 82.
\AtBeginShipoutBox=\box86
Package hyperref Info: Link coloring ON on input line 82.

(D:\Programy\Office\Miktex\texmfs\install\tex\latex\hyperref\nameref.sty
Package: nameref 2016/05/21 v2.44 Cross-referencing by name of section

(D:\Programy\Office\Miktex\texmfs\install\tex\generic\oberdiek\gettitlestring.s
ty
Package: gettitlestring 2016/05/16 v1.5 Cleanup title references (HO)
)
\c@section@level=\count275
)
LaTeX Info: Redefining \ref on input line 82.
LaTeX Info: Redefining \pageref on input line 82.
LaTeX Info: Redefining \nameref on input line 82.
\@outlinefile=\write5
\openout5 = `veledilo_aktualníV1.out'.



Package hyperref Warning: Rerun to get /PageLabels entry.

.................................................
. fontspec info: "setup-math"
. 
. Adjusting the maths setup (use [no-math] to avoid this).
.................................................
\symlegacymaths=\mathgroup4
LaTeX Font Info:    Overwriting symbol font `legacymaths' in version `bold'
(Font)                  OT1/cmr/m/n --> OT1/cmr/bx/n on input line 82.
LaTeX Font Info:    Redeclaring math accent \acute on input line 82.
LaTeX Font Info:    Redeclaring math accent \grave on input line 82.
LaTeX Font Info:    Redeclaring math accent \ddot on input line 82.
LaTeX Font Info:    Redeclaring math accent \tilde on input line 82.
LaTeX Font Info:    Redeclaring math accent \bar on input line 82.
LaTeX Font Info:    Redeclaring math accent \breve on input line 82.
LaTeX Font Info:    Redeclaring math accent \check on input line 82.
LaTeX Font Info:    Redeclaring math accent \hat on input line 82.
LaTeX Font Info:    Redeclaring math accent \dot on input line 82.
LaTeX Font Info:    Redeclaring math accent \mathring on input line 82.
LaTeX Font Info:    Redeclaring math symbol \colon on input line 82.
LaTeX Font Info:    Redeclaring math symbol \Gamma on input line 82.
LaTeX Font Info:    Redeclaring math symbol \Delta on input line 82.
LaTeX Font Info:    Redeclaring math symbol \Theta on input line 82.
LaTeX Font Info:    Redeclaring math symbol \Lambda on input line 82.
LaTeX Font Info:    Redeclaring math symbol \Xi on input line 82.
LaTeX Font Info:    Redeclaring math symbol \Pi on input line 82.
LaTeX Font Info:    Redeclaring math symbol \Sigma on input line 82.
LaTeX Font Info:    Redeclaring math symbol \Upsilon on input line 82.
LaTeX Font Info:    Redeclaring math symbol \Phi on input line 82.
LaTeX Font Info:    Redeclaring math symbol \Psi on input line 82.
LaTeX Font Info:    Redeclaring math symbol \Omega on input line 82.
LaTeX Font Info:    Redeclaring math symbol \mathdollar on input line 82.
LaTeX Font Info:    Redeclaring symbol font `operators' on input line 82.
LaTeX Font Info:    Encoding `OT1' has changed to `TU' for symbol font
(Font)              `operators' in the math version `normal' on input line 82.
LaTeX Font Info:    Overwriting symbol font `operators' in version `normal'
(Font)                  OT1/cmr/m/n --> TU/lmr/m/n on input line 82.
LaTeX Font Info:    Encoding `OT1' has changed to `TU' for symbol font
(Font)              `operators' in the math version `bold' on input line 82.
LaTeX Font Info:    Overwriting symbol font `operators' in version `bold'
(Font)                  OT1/cmr/bx/n --> TU/lmr/m/n on input line 82.
LaTeX Font Info:    Overwriting symbol font `operators' in version `normal'
(Font)                  TU/lmr/m/n --> TU/lmr/m/n on input line 82.
LaTeX Font Info:    Overwriting math alphabet `\mathit' in version `normal'
(Font)                  OT1/cmr/m/it --> TU/lmr/m/it on input line 82.
LaTeX Font Info:    Overwriting math alphabet `\mathbf' in version `normal'
(Font)                  OT1/cmr/bx/n --> TU/lmr/bx/n on input line 82.
LaTeX Font Info:    Overwriting math alphabet `\mathsf' in version `normal'
(Font)                  OT1/cmss/m/n --> TU/lmss/m/n on input line 82.
LaTeX Font Info:    Overwriting math alphabet `\mathtt' in version `normal'
(Font)                  OT1/cmtt/m/n --> TU/lmtt/m/n on input line 82.
LaTeX Font Info:    Overwriting symbol font `operators' in version `bold'
(Font)                  TU/lmr/m/n --> TU/lmr/bx/n on input line 82.
LaTeX Font Info:    Overwriting math alphabet `\mathit' in version `bold'
(Font)                  OT1/cmr/bx/it --> TU/lmr/bx/it on input line 82.
LaTeX Font Info:    Overwriting math alphabet `\mathsf' in version `bold'
(Font)                  OT1/cmss/bx/n --> TU/lmss/bx/n on input line 82.
LaTeX Font Info:    Overwriting math alphabet `\mathtt' in version `bold'
(Font)                  OT1/cmtt/m/n --> TU/lmtt/bx/n on input line 82.
ABD: EveryShipout initializing macros
Package caption Info: Begin \AtBeginDocument code.
Package caption Info: subfig package v1.3 is loaded.
Package caption Info: End \AtBeginDocument code.
File: logo-fp.pdf Graphic file (type QTm)
 <use  "logo-fp.pdf" > [1

]
File: logo-fp-en.pdf Graphic file (type QTm)

<use  "logo-fp-en.pdf" > [2

] [3

]
Underfull \hbox (badness 2418) in paragraph at lines 84--84
[]\TU/lmr/m/n/12 Beru na vědomí, že Technická univerzita v Liberci (TUL)
 []

[4

]
Underfull \hbox (badness 2229) in paragraph at lines 94--96
\TU/lmr/m/n/12 This report describes the \TU/lmtt/m/n/12 tulthesis \TU/lmr/m/n/
12 package for Technical
 []

[5

] [6

]
\tf@toc=\write6
\openout6 = `veledilo_aktualníV1.toc'.

 [7

]
Kapitola 1.
[8


]
Underfull \hbox (badness 10000) in paragraph at lines 120--120
|\TU/lmss/bx/n/17.28 ToDo|
 []


Package hyperref Warning: old lod file detected, not used; run LaTeX again.

\tf@lod=\write7
\openout7 = `veledilo_aktualníV1.lod'.

[9

]
Kapitola 2.

Underfull \hbox (badness 2418) in paragraph at lines 125--128
\TU/lmr/m/n/12 Pokud máme zkoumat pregraduální přípravu učitelů informatiky v o
blasti
 []


Package natbib Warning: Citation `didaktikderinformatik' on page 10 undefined o
n input line 132.


Package natbib Warning: Citation `didaktikderinformatik' on page 10 undefined o
n input line 132.


Package natbib Warning: Citation `algunlocked' on page 10 undefined on input li
ne 132.


Package natbib Warning: Citation `algdesignman' on page 10 undefined on input l
ine 132.


Package natbib Warning: Citation `intralg' on page 10 undefined on input line 1
32.


Package natbib Warning: Citation `knuth' on page 10 undefined on input line 132
.


Package natbib Warning: Citation `spirit' on page 10 undefined on input line 13
2.


Package natbib Warning: Citation `knuth' on page 10 undefined on input line 133
.

[10

]

Package natbib Warning: Citation `knuth' on page 11 undefined on input line 144
.


Package natbib Warning: Citation `spirit' on page 11 undefined on input line 14
4.


Package natbib Warning: Citation `didaktikderinformatik' on page 11 undefined o
n input line 146.


Package natbib Warning: Citation `motycka' on page 11 undefined on input line 1
46.


Package natbib Warning: Citation `spirit' on page 11 undefined on input line 15
5.


Package natbib Warning: Citation `motycka' on page 11 undefined on input line 1
55.


LaTeX Warning: Reference `provedeni2' on page 11 undefined on input line 155.


Package natbib Warning: Citation `spirit' on page 11 undefined on input line 15
5.


Underfull \hbox (badness 1297) in paragraph at lines 155--156
\TU/lmr/m/n/12 okolo nás, např. automatickému pilotování letadla, nebo složitým
 simulacím
 []

[11]
File: programming.pdf Graphic file (type QTm)
 <use  "programming.pdf" >

Package natbib Warning: Citation `spirit' on page 12 undefined on input line 16
0.


Package natbib Warning: Citation `spirit' on page 12 undefined on input line 16
0.


Package natbib Warning: Citation `didaktikderinformatik' on page 12 undefined o
n input line 166.


Package natbib Warning: Citation `bolshakova' on page 12 undefined on input lin
e 166.


Package natbib Warning: Citation `didaktikderinformatik' on page 12 undefined o
n input line 180.


Package natbib Warning: Citation `didaktikderinformatik' on page 12 undefined o
n input line 180.

[12]

Package natbib Warning: Citation `bolshakova' on page 13 undefined on input lin
e 183.


Package natbib Warning: Citation `skavrda' on page 13 undefined on input line 1
86.


Package natbib Warning: Citation `bolshakova' on page 13 undefined on input lin
e 190.


Overfull \hbox (3.09445pt too wide) in paragraph at lines 196--203
 [] 
 []

[13]

Package natbib Warning: Citation `rvpzv' on page 14 undefined on input line 244
.

[14]

LaTeX Warning: Reference `table:1' on page 15 undefined on input line 255.


Underfull \hbox (badness 10000) in paragraph at lines 289--290
[]\TU/lmr/m/n/10 vytvoří jednoduché strukturované
 []


Underfull \hbox (badness 10000) in paragraph at lines 330--331
[]\TU/lmr/m/n/10 vytvoří webové stránky včetně
 []

[15]
Underfull \hbox (badness 1565) in paragraph at lines 353--354
\TU/lmr/m/n/12 výstupů v RVP, v programu pro ZŠ by se výuka programování nemuse
la
 []


Underfull \hbox (badness 1769) in paragraph at lines 353--354
\TU/lmr/m/n/12 Takováto pregraduální příprava by ale samozřejmě nedávala studen
tům VŠ
 []

[16]

Package natbib Warning: Citation `berki2011' on page 17 undefined on input line
 355.


Package natbib Warning: Citation `berki2011' on page 17 undefined on input line
 355.


Underfull \hbox (badness 4391) in paragraph at lines 355--357
\TU/lmr/m/n/12 zakotvení programování ve slovenských kurikulárních dokumentech.
 Štátný
 []


LaTeX Warning: Reference `table:2 ' on page 17 undefined on input line 365.


Underfull \hbox (badness 10000) in paragraph at lines 382--384
[]\TU/lmr/m/n/10 Analyzovať problém, navrhnúť
 []


Underfull \hbox (badness 2837) in paragraph at lines 382--384
\TU/lmr/m/n/10 algoritmus riešenia problému, zapísať
 []


Underfull \hbox (badness 4144) in paragraph at lines 382--384
\TU/lmr/m/n/10 algoritmus v zrozumiteľnej formálnej
 []


Underfull \hbox (badness 2005) in paragraph at lines 384--386
[]\TU/lmr/m/n/10 Riešiť problémy pomocou algoritmov,
 []


Underfull \hbox (badness 2698) in paragraph at lines 386--388
[]\TU/lmr/m/n/10 Rozumieť hotovým programom, určiť
 []


Underfull \hbox (badness 7907) in paragraph at lines 386--388
\TU/lmr/m/n/10 medzi nimi, vedieť ich testovať a
 []


Underfull \hbox (badness 10000) in paragraph at lines 389--391
\TU/lmr/m/n/10 obmedzeniami pouţitia príkazov,
 []


Underfull \hbox (badness 5460) in paragraph at lines 391--392
[]\TU/lmr/m/n/10 Používať základné typy používaného
 []


Underfull \hbox (badness 2865) in paragraph at lines 392--395
\TU/lmr/m/n/10 opraviť chyby vzniknuté počas behu
 []


Underfull \hbox (badness 10000) in paragraph at lines 400--401
[]\TU/lmr/m/n/10 Problém. Algoritmus. Algoritmy
 []


Underfull \hbox (badness 10000) in paragraph at lines 400--401
\TU/lmr/m/n/10 z beţného života. Spôsoby zápisu
 []


Underfull \hbox (badness 10000) in paragraph at lines 401--402
[]\TU/lmr/m/n/10 Etapy riešenia problému – rozbor
 []


Underfull \hbox (badness 10000) in paragraph at lines 402--405
\TU/lmr/m/n/10 behu programu. Pojmy – príkazy
 []


Underfull \hbox (badness 6944) in paragraph at lines 402--405
\TU/lmr/m/n/10 (priradenie, vstup, výstup), riadiace
 []


Package natbib Warning: Citation `berki2016' on page 17 undefined on input line
 414.


Underfull \hbox (badness 2351) in paragraph at lines 365--415
[]\TU/lmr/m/n/12 Algoritmizaci se věnuje okruh Postupy, riešenie problémov, alg
oritmické
 []


Underfull \hbox (badness 10000) in paragraph at lines 445--446
[]\TU/lmr/m/n/10 identifikovať vstupné informácie zo
 []


Underfull \hbox (badness 3029) in paragraph at lines 446--447
[]\TU/lmr/m/n/10 popísať očakávané výstupy, výsledky,
 []


Underfull \hbox (badness 1308) in paragraph at lines 450--452
[]\TU/lmr/m/n/10 uvažovať o vlastnostiach vykonávateľa
 []


Underfull \hbox (badness 1831) in paragraph at lines 457--462
\TU/lmr/m/n/10 Procesy: rozdelenie problému na menšie
 []


Underfull \hbox (badness 1460) in paragraph at lines 457--462
\TU/lmr/m/n/10 časti, syntéza riešenia z riešení menších
 []


Underfull \hbox (badness 7064) in paragraph at lines 457--462
\TU/lmr/m/n/10 (vetvenie a opakovanie), identifikovanie
 []


Underfull \hbox (badness 2027) in paragraph at lines 471--473
\TU/lmr/m/n/10 riešenia problému (použiť konštrukcie
 []


Underfull \hbox (badness 10000) in paragraph at lines 474--476
\TU/lmr/m/n/10 podľa nových stanovených pravidiel
 []


Underfull \hbox (badness 10000) in paragraph at lines 479--484
[]\TU/lmr/m/n/10 Pojem: program, programovací jazyk
 []


Underfull \hbox (badness 2856) in paragraph at lines 479--484
\TU/lmr/m/n/10 Vlastnosti a vzťahy: zápis algoritmu a
 []


Underfull \hbox (badness 1635) in paragraph at lines 479--484
\TU/lmr/m/n/10 vykonanie programu, vstup – vykonanie
 []


Underfull \hbox (badness 10000) in paragraph at lines 479--484
\TU/lmr/m/n/10 programu – výstup/akcia Procesy:
 []


Underfull \hbox (badness 10000) in paragraph at lines 479--484
\TU/lmr/m/n/10 zostavenie programu, identifikovanie,
 []


Underfull \hbox (badness 1342) in paragraph at lines 490--491
[]\TU/lmr/m/n/10 riešiť problém skladaním príkazov do
 []


Underfull \hbox (badness 10000) in paragraph at lines 495--500
[]\TU/lmr/m/n/10 Pojmy: príkaz, parameter príkazu,
 []


Underfull \hbox (badness 3189) in paragraph at lines 495--500
\TU/lmr/m/n/10 programu Procesy: zostavenie a úprava
 []


Underfull \hbox (badness 10000) in paragraph at lines 495--500
\TU/lmr/m/n/10 príkazov, vyhodnotenie postupnosti
 []


Underfull \hbox (badness 8132) in paragraph at lines 495--500
\TU/lmr/m/n/10 prí- kazov, úprava sekvencie príkazov
 []


Underfull \hbox (badness 10000) in paragraph at lines 495--500
\TU/lmr/m/n/10 (pridanie, odstránenie príkazu, zmena
 []


Underfull \hbox (badness 10000) in paragraph at lines 507--509
[]\TU/lmr/m/n/10 identifikovať vlastnosti vstupnej
 []


Underfull \hbox (badness 10000) in paragraph at lines 512--514
[]\TU/lmr/m/n/10 vytvárať hypotézu, ako neznámy
 []


Underfull \hbox (badness 4713) in paragraph at lines 512--514
\TU/lmr/m/n/10 algoritmus spracováva zadaný vstup,
 []


Underfull \hbox (badness 2653) in paragraph at lines 518--522
[]\TU/lmr/m/n/10 Vlastnosti a vzťahy: prostriedky jazyka
 []


Underfull \hbox (badness 2012) in paragraph at lines 518--522
\TU/lmr/m/n/10 zobrazenie výstupu Procesy: čakanie na
 []


Underfull \hbox (badness 2772) in paragraph at lines 542--544
[]\TU/lmr/m/n/10 identifikovať zo zadania úlohy, ktoré
 []


Underfull \hbox (badness 5696) in paragraph at lines 542--544
\TU/lmr/m/n/10 údaje musia byť zapamätané, resp.
 []


Underfull \hbox (badness 2486) in paragraph at lines 542--544
\TU/lmr/m/n/10 sa menia (a teda vyžadujú použitie
 []


Underfull \hbox (badness 4416) in paragraph at lines 545--547
[]\TU/lmr/m/n/10 riešiť problémy, v ktorých si treba
 []


Underfull \hbox (badness 10000) in paragraph at lines 547--548
[]\TU/lmr/m/n/10 zovšeobecňovať riešenie tak, aby
 []


Underfull \hbox (badness 4660) in paragraph at lines 551--558
[]\TU/lmr/m/n/10 Pojmy: premenná, meno (pomenovanie)
 []


Underfull \hbox (badness 2020) in paragraph at lines 551--558
\TU/lmr/m/n/10 premennej, hodnota premennej, operácia
 []


Underfull \hbox (badness 10000) in paragraph at lines 551--558
\TU/lmr/m/n/10 jazyka pre použitie premennej, meno
 []


Underfull \hbox (badness 2245) in paragraph at lines 551--558
\TU/lmr/m/n/10 nastavenie hodnoty (priradenie), zistenie
 []


Underfull \hbox (badness 10000) in paragraph at lines 551--558
\TU/lmr/m/n/10 hodnoty (použitie premennej), zmena
 []


Underfull \hbox (badness 10000) in paragraph at lines 567--569
\TU/lmr/m/n/10 získať akumulovaním čiastkových
 []


Underfull \hbox (badness 10000) in paragraph at lines 571--572
[]\TU/lmr/m/n/10 stanovovať hranice a podmienky
 []


Underfull \hbox (badness 10000) in paragraph at lines 575--580
[]\TU/lmr/m/n/10 Pojmy: opakovanie, počet opakovaní,
 []


Underfull \hbox (badness 5161) in paragraph at lines 575--580
\TU/lmr/m/n/10 Vlastnosti a vzťahy: ako súvisí počet
 []


Underfull \hbox (badness 10000) in paragraph at lines 575--580
\TU/lmr/m/n/10 opakovaní s výsledkom, čo platí po
 []


Underfull \hbox (badness 10000) in paragraph at lines 575--580
\TU/lmr/m/n/10 skončení cyklu Procesy: vyhodnotenie
 []


Underfull \hbox (badness 6808) in paragraph at lines 595--599
[]\TU/lmr/m/n/10 Pojmy: vetvenie, podmienka Vlastnosti
 []


Underfull \hbox (badness 10000) in paragraph at lines 595--599
\TU/lmr/m/n/10 a vzťahy: pravda/nepravda –
 []


Underfull \hbox (badness 10000) in paragraph at lines 595--599
\TU/lmr/m/n/10 splnená/nesplnená podmienka Procesy:
 []


Underfull \hbox (badness 10000) in paragraph at lines 595--599
\TU/lmr/m/n/10 zostavovanie a upravovanie vetvenia,
 []


Underfull \hbox (badness 10000) in paragraph at lines 595--599
\TU/lmr/m/n/10 vytvorenie podmienky a vyhodnotenie
 []


Underfull \hbox (badness 10000) in paragraph at lines 595--599
\TU/lmr/m/n/10 podmienky s negáciami a logickými
 []


Underfull \hbox (badness 10000) in paragraph at lines 605--607
[]\TU/lmr/m/n/10 krokovať riešenie, simulovať činnosť
 []


Underfull \hbox (badness 10000) in paragraph at lines 607--610
[]\TU/lmr/m/n/10 vyjadrovať ideu daného návodu
 []


Underfull \hbox (badness 1776) in paragraph at lines 607--610
\TU/lmr/m/n/10 funguje, čo zápis realizuje pre rôzne
 []


Underfull \hbox (badness 10000) in paragraph at lines 611--612
[]\TU/lmr/m/n/10 dopĺňať, dokončovať, modifikovať
 []


Underfull \hbox (badness 2359) in paragraph at lines 618--620
[]\TU/lmr/m/n/10 Vlastnosti a vzťahy: jazyk - vykonanie
 []

[17] [18] [19] [20]
Underfull \hbox (badness 10000) in paragraph at lines 639--640
[]\TU/lmr/m/n/10 rozpoznávať, že program pracuje
 []


Underfull \hbox (badness 1221) in paragraph at lines 640--642
[]\TU/lmr/m/n/10 hľadať chybu vo vlastnom, nesprávne
 []


Underfull \hbox (badness 3623) in paragraph at lines 642--644
[]\TU/lmr/m/n/10 zisťovať, pre aké vstupy, v ktorých
 []


Underfull \hbox (badness 10000) in paragraph at lines 642--644
\TU/lmr/m/n/10 prípadoch, situáciách program zle
 []


Underfull \hbox (badness 6316) in paragraph at lines 645--646
[]\TU/lmr/m/n/10 uvádzať kontra príklad, kedy niečo
 []


Underfull \hbox (badness 7397) in paragraph at lines 646--647
[]\TU/lmr/m/n/10 posúdiť a overiť správnosť riešenia
 []


Underfull \hbox (badness 3568) in paragraph at lines 651--656
\TU/lmr/m/n/10 vymenený príkaz alebo príkaz navyše),
 []


Package natbib Warning: Citation `berki2016' on page 21 undefined on input line
 666.


LaTeX Warning: Reference `picture1' on page 21 undefined on input line 666.


Package natbib Warning: Citation `berki2013' on page 21 undefined on input line
 709.


Package natbib Warning: Citation `fojtik2015' on page 21 undefined on input lin
e 709.


Package natbib Warning: Citation `fojtik2015' on page 21 undefined on input lin
e 709.

[21

]

Package natbib Warning: Citation `fojtik2015' on page 22 undefined on input lin
e 718.


Package natbib Warning: Citation `lessner2015' on page 22 undefined on input li
ne 719.


Package natbib Warning: Citation `didaktikderinformatik' on page 22 undefined o
n input line 721.


Package natbib Warning: Citation `nastartu' on page 22 undefined on input line 
723.


Package natbib Warning: Citation `england2013' on page 22 undefined on input li
ne 723.


Underfull \hbox (badness 1460) in paragraph at lines 723--724
\TU/lmr/m/n/12 v Polsku, v Austrálii nebo v Rusku.” (\TU/lmr/bx/n/12 ?\TU/lmr/m
/n/12 ). Na Slovensku se setkávají žáci
 []


Package natbib Warning: Citation `mindstorms' on page 22 undefined on input lin
e 725.

[22]

Package natbib Warning: Citation `fojtik2013' on page 23 undefined on input lin
e 734.


Package natbib Warning: Citation `fojtik2013' on page 23 undefined on input lin
e 736.

File: agile.pdf Graphic file (type QTm)
<use  "agile.pdf" >

Package natbib Warning: Citation `spirit' on page 23 undefined on input line 74
6.


Package natbib Warning: Citation `spirit' on page 23 undefined on input line 74
6.


Underfull \hbox (badness 1264) in paragraph at lines 742--748
[]\TU/lmr/m/n/12 Tento pojem zastřešuje přístup k vývoji softwaru pomocí
 []

[23]

Package natbib Warning: Citation `mannila' on page 24 undefined on input line 7
66.


Underfull \hbox (badness 1052) in paragraph at lines 766--768
[]\TU/lmr/m/n/12 Uveďme si nyní několik programovacích jazyků, které jsou v sou
časnosti
 []


Package natbib Warning: Citation `guo_2014' on page 24 undefined on input line 
768.


Package natbib Warning: Citation `hajek2015' on page 24 undefined on input line
 768.


Underfull \hbox (badness 3250) in paragraph at lines 768--769
[]\TU/lmr/m/n/12 Jazyk Python byl poprvé vydán v roce 1991, jeho autorem je
 []

[24]

Package natbib Warning: Citation `javamanual' on page 25 undefined on input lin
e 769.


Package natbib Warning: Citation `bluej' on page 25 undefined on input line 769
.


Package natbib Warning: Citation `greenfoot' on page 25 undefined on input line
 769.


Underfull \hbox (badness 1622) in paragraph at lines 769--770
\TU/lmr/m/n/12 Jamesem Gasolinem ve firmě Sun Microsystem. Jeho syntaxe vychází

 []


Package natbib Warning: Citation `scratch' on page 25 undefined on input line 7
70.


Package natbib Warning: Citation `scheme' on page 25 undefined on input line 77
1.


Package natbib Warning: Citation `scheme' on page 25 undefined on input line 77
1.


Package natbib Warning: Citation `proctor2016' on page 25 undefined on input li
ne 774.


Package natbib Warning: Citation `kalas2016' on page 25 undefined on input line
 780.

File: kalas.png Graphic file (type QTm)
<use  "kalas.png" >

Package natbib Warning: Citation `spirit' on page 25 undefined on input line 78
4.


Package natbib Warning: Citation `spirit' on page 25 undefined on input line 78
4.


Underfull \hbox (badness 1281) in paragraph at lines 780--786
\TU/lmr/m/n/12 aspekty v rovnováze, což zmiňuje ve své práci i Kalaš (\TU/lmr/b
x/n/12 ?\TU/lmr/m/n/12 ), který vytvořil
 []

[25]

Package natbib Warning: Citation `lessner2013' on page 26 undefined on input li
ne 787.

[26]
Kapitola 3.

Underfull \hbox (badness 10000) in paragraph at lines 790--790
|[]\TU/lmss/bx/n/20.74 Analýza deklarovaného kurikula
 []


Underfull \hbox (badness 1348) in paragraph at lines 791--792
\TU/lmr/m/n/12 Příprava budoucích učitelů informatiky probíhá v ČR na přírodově
dných a
 []


Underfull \hbox (badness 2903) in paragraph at lines 791--792
\TU/lmr/m/n/12 všech dostupných programů pro pregraduální přípravu učitelů info
rmatiky,
 []

[27

]
Underfull \hbox (badness 5345) in paragraph at lines 805--806
[]\TU/lmr/m/n/12 Univerzita Hradec Králové (UHK) – Přírodovědecká fakulta (PřF)
,
 []


Underfull \hbox (badness 3009) in paragraph at lines 806--807
[]\TU/lmr/m/n/12 Univerzita Jana Evangelisty Purkyně v Ústí nad Labem (UJEP) –
 []


Underfull \hbox (badness 4168) in paragraph at lines 816--817
[]\TU/lmr/bx/n/12 Výuka programování \TU/lmr/m/n/12 – do této kategorie byly za
řazeny všechny
 []


Underfull \hbox (badness 2698) in paragraph at lines 820--821
\TU/lmr/m/n/12 alespoň částí jeho obsahu je didaktika programování nebo didakti
ka
 []

[28]
Overfull \hbox (28.45276pt too wide) in paragraph at lines 863--863
[]|  
 []


Overfull \hbox (28.45276pt too wide) in paragraph at lines 865--865
[]|  
 []


Overfull \hbox (28.45276pt too wide) in paragraph at lines 868--868
[]|  
 []


LaTeX Warning: No positions in optional float specifier.
               Default added (so using `tbp') on input line 884.


Overfull \hbox (2.38716pt too wide) in paragraph at lines 892--892
 \TU/lmr/m/n/8 UJEP| 
 []

[29] [30]
Kapitola 4.
[31

]
Kapitola 5.
[32

]
Kapitola 6.

Package blindtext Warning: czech not defined, using English instead.
(blindtext)                 on input line 909.


Package blindtext Warning: czech not defined, using English instead.
(blindtext)                 on input line 909.


Package blindtext Warning: czech not defined, using English instead.
(blindtext)                 on input line 909.


Package blindtext Warning: czech not defined, using English instead.
(blindtext)                 on input line 909.


Package blindtext Warning: czech not defined, using English instead.
(blindtext)                 on input line 909.

[33

]

Package blindtext Warning: czech not defined, using English instead.
(blindtext)                 on input line 909.

No file veledilo_aktualníV1.bbl.
\tf@lot=\write8
\openout8 = `veledilo_aktualníV1.lot'.


Package natbib Warning: There were undefined citations.

[34]
Package atveryend Info: Empty hook `BeforeClearDocument' on input line 922.
Package atveryend Info: Empty hook `AfterLastShipout' on input line 922.
 (veledilo_aktualníV1.aux)
Package atveryend Info: Empty hook `AtVeryEndDocument' on input line 922.
Package atveryend Info: Empty hook `AtEndAfterFileList' on input line 922.


LaTeX Warning: There were undefined references.


LaTeX Warning: Label(s) may have changed. Rerun to get cross-references right.

Package atveryend Info: Empty hook `AtVeryVeryEnd' on input line 922.
 )
(\end occurred inside a group at level 7)

### simple group (level 7) entered at line 627 ({)
### simple group (level 6) entered at line 530 ({)
### simple group (level 5) entered at line 529 ({)
### simple group (level 4) entered at line 429 ({)
### simple group (level 3) entered at line 369 ({)
### simple group (level 2) entered at line 259 ({)
### simple group (level 1) entered at line 191 ({)
### bottom level 
Here is how much of TeX's memory you used:
 37376 strings out of 429804
 730193 string characters out of 3181257
 833754 words of memory out of 3000000
 40696 multiletter control sequences out of 15000+200000
 6960 words of font info for 52 fonts, out of 3000000 for 9000
 14 hyphenation exceptions out of 8191
 68i,13n,98p,10487b,1014s stack positions out of 5000i,500n,10000p,200000b,50000s

Output written on veledilo_aktualníV1.pdf (34 pages).
