\BOOKMARK [0][-]{chapter.1}{Úvod}{}% 1
\BOOKMARK [0][-]{chapter.2}{Programování}{}% 2
\BOOKMARK [1][-]{section.2.1}{Algoritmus a programování – odborné definice a vztahy}{chapter.2}% 3
\BOOKMARK [1][-]{section.2.2}{Vztah algoritmizace a programování}{chapter.2}% 4
\BOOKMARK [1][-]{section.2.3}{Programovací paradigmata}{chapter.2}% 5
\BOOKMARK [1][-]{section.2.4}{Programování z pohledu deklarovaného kurikula ZŠ a SŠ}{chapter.2}% 6
\BOOKMARK [2][-]{subsection.2.4.1}{Deklarované kurikulum výuky informatiky na Slovensku}{section.2.4}% 7
\BOOKMARK [1][-]{section.2.5}{Proč učit programováníí?}{chapter.2}% 8
\BOOKMARK [1][-]{section.2.6}{Jak učit programování?}{chapter.2}% 9
\BOOKMARK [0][-]{chapter.3}{Analýza deklarovaného kurikula pregraduální přípravy}{}% 10
\BOOKMARK [1][-]{section.3.1}{Stav\040problematiky}{chapter.3}% 11
\BOOKMARK [1][-]{section.3.2}{pregradualní příprava učitelů informatiky-popis zkoumaného vzorku}{chapter.3}% 12
\BOOKMARK [0][-]{chapter.4}{Textová analýza}{}% 13
\BOOKMARK [1][-]{section.4.1}{Popis\040vzorku}{chapter.4}% 14
\BOOKMARK [1][-]{section.4.2}{Popis způsobu analýzy}{chapter.4}% 15
\BOOKMARK [1][-]{section.4.3}{Výsledky}{chapter.4}% 16
\BOOKMARK [0][-]{chapter.5}{Návrh konceptu pregraduální přípravy}{}% 17
\BOOKMARK [1][-]{section.5.1}{ZŠ}{chapter.5}% 18
\BOOKMARK [1][-]{section.5.2}{SŠ}{chapter.5}% 19
\BOOKMARK [0][-]{chapter.6}{Závěr}{}% 20
